<?xml version="1.0" encoding="UTF-8"?>
<!-- Generated by org.testng.reporters.JUnitReportReporter -->
<testsuite skipped="0" hostname="William" name="priv.weilinwu.codecollection.test.TestNgTest" tests="1" failures="0" timestamp="30 九月 2017 01:37:39 GMT" time="0.027" errors="0">
  <testcase name="printHelloWorld" time="0.027" classname="priv.weilinwu.codecollection.test.TestNgTest"/>
</testsuite> <!-- priv.weilinwu.codecollection.test.TestNgTest -->
